<?xml version="1.0" encoding="UTF-8"?>
<testng-results ignored="0" total="8" passed="7" failed="1" skipped="0">
  <reporter-output>
  </reporter-output>
  <suite started-at="2022-09-23T13:46:53 ICT" name="Default suite" finished-at="2022-09-23T13:49:50 ICT" duration-ms="176724">
    <groups>
    </groups>
    <test started-at="2022-09-23T13:46:53 ICT" name="Default test" finished-at="2022-09-23T13:49:50 ICT" duration-ms="176724">
      <class name="appium.runner.CalculatorDestroyerTwo">
        <test-method is-config="true" signature="befTest()[pri:0, instance:appium.runner.CalculatorDestroyerTwo@6bbe85a8]" started-at="2022-09-23T13:46:53 ICT" name="befTest" finished-at="2022-09-23T13:47:03 ICT" duration-ms="9656" status="PASS">
          <reporter-output>
          </reporter-output>
        </test-method> <!-- befTest -->
        <test-method signature="testPost(java.lang.String)[pri:0, instance:appium.runner.CalculatorDestroyerTwo@6bbe85a8]" started-at="2022-09-23T13:47:03 ICT" name="testPost" data-provider="DataProviderFirst" finished-at="2022-09-23T13:47:22 ICT" duration-ms="19195" status="PASS">
          <params>
            <param index="0">
              <value>
                <![CDATA[1]]>
              </value>
            </param>
          </params>
          <reporter-output>
          </reporter-output>
        </test-method> <!-- testPost -->
        <test-method signature="testPost(java.lang.String)[pri:0, instance:appium.runner.CalculatorDestroyerTwo@6bbe85a8]" started-at="2022-09-23T13:47:22 ICT" name="testPost" data-provider="DataProviderFirst" finished-at="2022-09-23T13:47:46 ICT" duration-ms="23879" status="PASS">
          <params>
            <param index="0">
              <value>
                <![CDATA[2]]>
              </value>
            </param>
          </params>
          <reporter-output>
          </reporter-output>
        </test-method> <!-- testPost -->
        <test-method signature="testPost(java.lang.String)[pri:0, instance:appium.runner.CalculatorDestroyerTwo@6bbe85a8]" started-at="2022-09-23T13:47:46 ICT" name="testPost" data-provider="DataProviderFirst" finished-at="2022-09-23T13:48:06 ICT" duration-ms="20420" status="PASS">
          <params>
            <param index="0">
              <value>
                <![CDATA[3]]>
              </value>
            </param>
          </params>
          <reporter-output>
          </reporter-output>
        </test-method> <!-- testPost -->
        <test-method signature="testPost(java.lang.String)[pri:0, instance:appium.runner.CalculatorDestroyerTwo@6bbe85a8]" started-at="2022-09-23T13:48:06 ICT" name="testPost" data-provider="DataProviderFirst" finished-at="2022-09-23T13:48:27 ICT" duration-ms="20690" status="PASS">
          <params>
            <param index="0">
              <value>
                <![CDATA[4]]>
              </value>
            </param>
          </params>
          <reporter-output>
          </reporter-output>
        </test-method> <!-- testPost -->
        <test-method signature="testPost(java.lang.String)[pri:0, instance:appium.runner.CalculatorDestroyerTwo@6bbe85a8]" started-at="2022-09-23T13:48:27 ICT" name="testPost" data-provider="DataProviderFirst" finished-at="2022-09-23T13:48:48 ICT" duration-ms="20646" status="PASS">
          <params>
            <param index="0">
              <value>
                <![CDATA[5]]>
              </value>
            </param>
          </params>
          <reporter-output>
          </reporter-output>
        </test-method> <!-- testPost -->
        <test-method signature="testPost(java.lang.String)[pri:0, instance:appium.runner.CalculatorDestroyerTwo@6bbe85a8]" started-at="2022-09-23T13:48:48 ICT" name="testPost" data-provider="DataProviderFirst" finished-at="2022-09-23T13:49:09 ICT" duration-ms="21254" status="PASS">
          <params>
            <param index="0">
              <value>
                <![CDATA[6]]>
              </value>
            </param>
          </params>
          <reporter-output>
          </reporter-output>
        </test-method> <!-- testPost -->
        <test-method signature="testPost(java.lang.String)[pri:0, instance:appium.runner.CalculatorDestroyerTwo@6bbe85a8]" started-at="2022-09-23T13:49:09 ICT" name="testPost" data-provider="DataProviderFirst" finished-at="2022-09-23T13:49:30 ICT" duration-ms="20893" status="PASS">
          <params>
            <param index="0">
              <value>
                <![CDATA[7]]>
              </value>
            </param>
          </params>
          <reporter-output>
          </reporter-output>
        </test-method> <!-- testPost -->
        <test-method signature="testPost(java.lang.String)[pri:0, instance:appium.runner.CalculatorDestroyerTwo@6bbe85a8]" started-at="2022-09-23T13:49:30 ICT" name="testPost" data-provider="DataProviderFirst" finished-at="2022-09-23T13:49:50 ICT" duration-ms="20006" status="FAIL">
          <params>
            <param index="0">
              <value>
                <![CDATA[8]]>
              </value>
            </param>
          </params>
          <exception class="java.lang.AssertionError">
            <message>
              <![CDATA[expected [0.5555555555555556] but found [0.5555555555555555]]]>
            </message>
            <full-stacktrace>
              <![CDATA[java.lang.AssertionError: expected [0.5555555555555556] but found [0.5555555555555555]
at org.testng.Assert.fail(Assert.java:110)
at org.testng.Assert.failNotEquals(Assert.java:1413)
at org.testng.Assert.assertEquals(Assert.java:727)
at org.testng.Assert.assertEquals(Assert.java:762)
at appium.runner.CalculatorDestroyerTwo.testPost(CalculatorDestroyerTwo.java:127)
at java.base/jdk.internal.reflect.NativeMethodAccessorImpl.invoke0(Native Method)
at java.base/jdk.internal.reflect.NativeMethodAccessorImpl.invoke(NativeMethodAccessorImpl.java:62)
at java.base/jdk.internal.reflect.DelegatingMethodAccessorImpl.invoke(DelegatingMethodAccessorImpl.java:43)
at java.base/java.lang.reflect.Method.invoke(Method.java:566)
at org.testng.internal.invokers.MethodInvocationHelper.invokeMethod(MethodInvocationHelper.java:139)
at org.testng.internal.invokers.TestInvoker.invokeMethod(TestInvoker.java:677)
at org.testng.internal.invokers.TestInvoker.invokeTestMethod(TestInvoker.java:221)
at org.testng.internal.invokers.MethodRunner.runInSequence(MethodRunner.java:50)
at org.testng.internal.invokers.TestInvoker$MethodInvocationAgent.invoke(TestInvoker.java:962)
at org.testng.internal.invokers.TestInvoker.invokeTestMethods(TestInvoker.java:194)
at org.testng.internal.invokers.TestMethodWorker.invokeTestMethods(TestMethodWorker.java:148)
at org.testng.internal.invokers.TestMethodWorker.run(TestMethodWorker.java:128)
at java.base/java.util.ArrayList.forEach(ArrayList.java:1541)
at org.testng.TestRunner.privateRun(TestRunner.java:806)
at org.testng.TestRunner.run(TestRunner.java:601)
at org.testng.SuiteRunner.runTest(SuiteRunner.java:433)
at org.testng.SuiteRunner.runSequentially(SuiteRunner.java:427)
at org.testng.SuiteRunner.privateRun(SuiteRunner.java:387)
at org.testng.SuiteRunner.run(SuiteRunner.java:330)
at org.testng.SuiteRunnerWorker.runSuite(SuiteRunnerWorker.java:52)
at org.testng.SuiteRunnerWorker.run(SuiteRunnerWorker.java:95)
at org.testng.TestNG.runSuitesSequentially(TestNG.java:1256)
at org.testng.TestNG.runSuitesLocally(TestNG.java:1176)
at org.testng.TestNG.runSuites(TestNG.java:1099)
at org.testng.TestNG.run(TestNG.java:1067)
at org.testng.remote.AbstractRemoteTestNG.run(AbstractRemoteTestNG.java:115)
at org.testng.remote.RemoteTestNG.initAndRun(RemoteTestNG.java:251)
at org.testng.remote.RemoteTestNG.main(RemoteTestNG.java:77)
]]>
            </full-stacktrace>
          </exception> <!-- java.lang.AssertionError -->
          <reporter-output>
          </reporter-output>
        </test-method> <!-- testPost -->
      </class> <!-- appium.runner.CalculatorDestroyerTwo -->
    </test> <!-- Default test -->
  </suite> <!-- Default suite -->
</testng-results>
